Arguments: 
  /usr/local/Cellar/node/10.12.0/bin/node /usr/local/Cellar/yarn/1.10.1/libexec/bin/yarn.js add nuxt-proxy

PATH: 
  /usr/local/bin:/usr/bin:/bin:/usr/sbin:/sbin:/usr/local/munki

Yarn version: 
  1.10.1

Node version: 
  10.12.0

Platform: 
  darwin x64

Trace: 
  Error: https://registry.yarnpkg.com/nuxt-proxy: Not found
      at Request.params.callback [as _callback] (/usr/local/Cellar/yarn/1.10.1/libexec/lib/cli.js:61073:18)
      at Request.self.callback (/usr/local/Cellar/yarn/1.10.1/libexec/lib/cli.js:120166:22)
      at Request.emit (events.js:182:13)
      at Request.<anonymous> (/usr/local/Cellar/yarn/1.10.1/libexec/lib/cli.js:121138:10)
      at Request.emit (events.js:182:13)
      at IncomingMessage.<anonymous> (/usr/local/Cellar/yarn/1.10.1/libexec/lib/cli.js:121060:12)
      at Object.onceWrapper (events.js:273:13)
      at IncomingMessage.emit (events.js:187:15)
      at endReadableNT (_stream_readable.js:1094:12)
      at process._tickCallback (internal/process/next_tick.js:63:19)

npm manifest: 
  {
    "name": "cymb-frontend",
    "version": "1.0.0",
    "description": "Nuxt.js powered frontend for Conny Mirbach’s portfolio",
    "author": "Studio Scholz <„dev@studioscholz.info“>",
    "private": true,
    "scripts": {
      "dev": "nuxt",
      "build": "nuxt build",
      "start": "nuxt start",
      "generate": "nuxt generate",
      "lint": "eslint --ext .js,.vue --ignore-path .gitignore .",
      "precommit": "npm run lint"
    },
    "dependencies": {
      "@nuxtjs/axios": "^5.3.1",
      "@nuxtjs/dotenv": "^1.1.1",
      "intersection-observer": "^0.5.0",
      "nuxt": "^2.0.0",
      "vue-clazy-load": "^0.4.2",
      "vue-packery-plugin": "^1.3.0"
    },
    "devDependencies": {
      "babel-eslint": "^8.2.1",
      "eslint": "^4.15.0",
      "eslint-friendly-formatter": "^3.0.0",
      "eslint-loader": "^1.7.1",
      "eslint-plugin-vue": "^4.0.0",
      "node-sass": "^4.9.3",
      "sass-loader": "^7.1.0"
    },
    "config": {
      "nuxt": {
        "port": "8080"
      }
    }
  }

yarn manifest: 
  No manifest

Lockfile: 
  No lockfile
